(node:34048) [DEP0040] DeprecationWarning: The `punycode` module is deprecated. Please use a userland alternative instead.
(Use `node --trace-deprecation ...` to show where the warning was created)

=== Deploying to 'oceanpearl-ops'...

i  deploying firestore, functions, hosting
i  firestore: ensuring required API firestore.googleapis.com is enabled...
i  firestore: ensuring required API firestore.googleapis.com is enabled...
i  firestore: reading indexes from firestore.indexes.json...
i  cloud.firestore: checking firestore.rules for compilation errors...
✔  cloud.firestore: rules file firestore.rules compiled successfully
i  functions: preparing codebase default for deployment
i  functions: ensuring required API cloudfunctions.googleapis.com is enabled...
i  functions: ensuring required API cloudbuild.googleapis.com is enabled...
i  artifactregistry: ensuring required API artifactregistry.googleapis.com is enabled...
⚠  functions: Runtime Node.js 20 will be deprecated on 2026-04-30 and will be decommissioned on 2026-10-30, after which you will not be able to deploy without upgrading. Consider upgrading now to avoid disruption. See https://cloud.google.com/functions/docs/runtime-support for full details on the lifecycle policy
⚠  functions: package.json indicates an outdated version of firebase-functions. Please upgrade using npm install --save firebase-functions@latest in your functions directory.
⚠  functions: Please note that there will be breaking changes when you upgrade.
i  functions: Loading and analyzing source code for codebase default to determine what to deploy
Serving at port 8622

i  extensions: ensuring required API firebaseextensions.googleapis.com is enabled...
i  functions: preparing functions directory for uploading...
i  functions: packaged /home/ubuntu/oceanpearl-firebase/functions (34.73 KB) for uploading
i  functions: ensuring required API run.googleapis.com is enabled...
i  functions: ensuring required API eventarc.googleapis.com is enabled...
i  functions: ensuring required API pubsub.googleapis.com is enabled...
i  functions: ensuring required API storage.googleapis.com is enabled...
i  functions: generating the service identity for pubsub.googleapis.com...
i  functions: generating the service identity for eventarc.googleapis.com...
i  firestore: latest version of firestore.rules already up to date, skipping upload...
i  firestore: deploying indexes...
✔  firestore: deployed indexes in firestore.indexes.json successfully for (default) database
✔  functions: functions source uploaded successfully
i  hosting[oceanpearl-ops]: beginning deploy...
i  hosting[oceanpearl-ops]: found 5 files in public
✔  hosting[oceanpearl-ops]: file upload complete
✔  firestore: released rules firestore.rules to cloud.firestore
i  functions: creating Node.js 20 (2nd Gen) function recordSale(asia-southeast1)...
i  functions: creating Node.js 20 (2nd Gen) function recordPayment(asia-southeast1)...
i  functions: updating Node.js 20 (2nd Gen) function createLocation(asia-southeast1)...
i  functions: updating Node.js 20 (2nd Gen) function listLocations(asia-southeast1)...
i  functions: updating Node.js 20 (2nd Gen) function createUnit(asia-southeast1)...
i  functions: updating Node.js 20 (2nd Gen) function updateUnit(asia-southeast1)...
i  functions: updating Node.js 20 (2nd Gen) function listUnits(asia-southeast1)...
i  functions: updating Node.js 20 (2nd Gen) function listUsers(asia-southeast1)...
i  functions: updating Node.js 20 (2nd Gen) function updateUserAccess(asia-southeast1)...
i  functions: updating Node.js 20 (2nd Gen) function createProductSpec(asia-southeast1)...
i  functions: updating Node.js 20 (2nd Gen) function listProductSpecs(asia-southeast1)...
i  functions: updating Node.js 20 (2nd Gen) function createSpecies(asia-southeast1)...
i  functions: updating Node.js 20 (2nd Gen) function listSpecies(asia-southeast1)...
i  functions: updating Node.js 20 (2nd Gen) function receiveLot(asia-southeast1)...
i  functions: updating Node.js 20 (2nd Gen) function transferLot(asia-southeast1)...
i  functions: updating Node.js 20 (2nd Gen) function productionTransform(asia-southeast1)...
i  functions: updating Node.js 20 (2nd Gen) function getInventoryByUnit(asia-southeast1)...
i  functions: updating Node.js 20 (2nd Gen) function getTrialBalance(asia-southeast1)...
i  functions: updating Node.js 20 (2nd Gen) function getPLByUnit(asia-southeast1)...
i  functions: updating Node.js 20 (2nd Gen) function sharkUploadAndExtract(asia-southeast1)...
i  functions: updating Node.js 20 (2nd Gen) function sharkGetSuggestions(asia-southeast1)...
i  functions: updating Node.js 20 (2nd Gen) function sharkUpdateSuggestion(asia-southeast1)...
i  functions: updating Node.js 20 (2nd Gen) function api(asia-southeast1)...
✔  functions[recordSale(asia-southeast1)] Successful create operation.
✔  functions[listUnits(asia-southeast1)] Successful update operation.
✔  functions[createLocation(asia-southeast1)] Successful update operation.
✔  functions[recordPayment(asia-southeast1)] Successful create operation.
✔  functions[receiveLot(asia-southeast1)] Successful update operation.
✔  functions[productionTransform(asia-southeast1)] Successful update operation.
✔  functions[createUnit(asia-southeast1)] Successful update operation.
✔  functions[getPLByUnit(asia-southeast1)] Successful update operation.
✔  functions[api(asia-southeast1)] Successful update operation.
✔  functions[transferLot(asia-southeast1)] Successful update operation.
✔  functions[listSpecies(asia-southeast1)] Successful update operation.
✔  functions[updateUserAccess(asia-southeast1)] Successful update operation.
✔  functions[sharkUploadAndExtract(asia-southeast1)] Successful update operation.
✔  functions[createSpecies(asia-southeast1)] Successful update operation.
✔  functions[getInventoryByUnit(asia-southeast1)] Successful update operation.
✔  functions[sharkUpdateSuggestion(asia-southeast1)] Successful update operation.
Could not create or update Cloud Run service listusers, Container Healthcheck failed. Revision 'listusers-00002-jaz' is not ready and cannot serve traffic. Quota exceeded for total allowable CPU per project per region.

Logs URL: https://console.cloud.google.com/logs/viewer?project=oceanpearl-ops&resource=cloud_run_revision/service_name/listusers/revision_name/listusers-00002-jaz&advancedFilter=resource.type%3D%22cloud_run_revision%22%0Aresource.labels.service_name%3D%22listusers%22%0Aresource.labels.revision_name%3D%22listusers-00002-jaz%22 
For more troubleshooting guidance, see https://cloud.google.com/run/docs/troubleshooting#container-failed-to-start
Could not create or update Cloud Run service sharkgetsuggestions, Container Healthcheck failed. Revision 'sharkgetsuggestions-00002-soh' is not ready and cannot serve traffic. Quota exceeded for total allowable CPU per project per region.

Logs URL: https://console.cloud.google.com/logs/viewer?project=oceanpearl-ops&resource=cloud_run_revision/service_name/sharkgetsuggestions/revision_name/sharkgetsuggestions-00002-soh&advancedFilter=resource.type%3D%22cloud_run_revision%22%0Aresource.labels.service_name%3D%22sharkgetsuggestions%22%0Aresource.labels.revision_name%3D%22sharkgetsuggestions-00002-soh%22 
For more troubleshooting guidance, see https://cloud.google.com/run/docs/troubleshooting#container-failed-to-start
✔  functions[updateUnit(asia-southeast1)] Successful update operation.
Could not create or update Cloud Run service listlocations, Container Healthcheck failed. Quota exceeded for total allowable CPU per project per region.

Logs URL: https://console.cloud.google.com/logs/viewer?project=oceanpearl-ops&resource=cloud_run_revision/service_name/listlocations/revision_name/listlocations-00002-rad&advancedFilter=resource.type%3D%22cloud_run_revision%22%0Aresource.labels.service_name%3D%22listlocations%22%0Aresource.labels.revision_name%3D%22listlocations-00002-rad%22 
For more troubleshooting guidance, see https://cloud.google.com/run/docs/troubleshooting#container-failed-to-start
✔  functions[listProductSpecs(asia-southeast1)] Successful update operation.
✔  functions[getTrialBalance(asia-southeast1)] Successful update operation.
✔  functions[createProductSpec(asia-southeast1)] Successful update operation.

Functions deploy had errors with the following functions:
	listLocations(asia-southeast1)
	listUsers(asia-southeast1)
	sharkGetSuggestions(asia-southeast1)
Function URL (api(asia-southeast1)): https://api-likj6cnxhq-as.a.run.app
Error: There was an error deploying functions:
- Error Failed to update function listUsers in region asia-southeast1
- Error Failed to update function sharkGetSuggestions in region asia-southeast1
- Error Failed to update function listLocations in region asia-southeast1
